app/build/intermediates/manifest_merge_blame_file/release/processReleaseMainManifest/manifest-merger-blame-release-report.txt
1<?xml version="1.0" encoding="utf-8"?>
2<manifest xmlns:android="http://schemas.android.com/apk/res/android"
3    package="com.payment.app"
4    android:versionCode="1"
5    android:versionName="1.0" >
6
7    <uses-sdk
8        android:minSdkVersion="26"
9        android:targetSdkVersion="34" />
10
11    <uses-permission android:name="android.permission.INTERNET" />
11-->src\main\AndroidManifest.xml:3:5-67
11-->src\main\AndroidManifest.xml:3:22-64
12    <uses-permission android:name="android.permission.POST_NOTIFICATIONS" />
12-->src\main\AndroidManifest.xml:4:5-77
12-->src\main\AndroidManifest.xml:4:22-74
13    <uses-permission android:name="android.permission.SCHEDULE_EXACT_ALARM" />
13-->src\main\AndroidManifest.xml:5:5-79
13-->src\main\AndroidManifest.xml:5:22-76
14    <uses-permission android:name="android.permission.USE_BIOMETRIC" /> <!-- suppress DeprecatedClassUsageInspection -->
14-->[androidx.biometric:biometric:1.1.0] AndroidManifest.xml:24:5-72
14-->[androidx.biometric:biometric:1.1.0] AndroidManifest.xml:24:22-69
15    <uses-permission android:name="android.permission.USE_FINGERPRINT" />
15-->[androidx.biometric:biometric:1.1.0] AndroidManifest.xml:27:5-74
15-->[androidx.biometric:biometric:1.1.0] AndroidManifest.xml:27:22-71
16    <uses-permission android:name="android.permission.WAKE_LOCK" />
16-->[androidx.work:work-runtime:2.9.1] AndroidManifest.xml:23:5-68
16-->[androidx.work:work-runtime:2.9.1] AndroidManifest.xml:23:22-65
17    <uses-permission android:name="android.permission.ACCESS_NETWORK_STATE" />
17-->[androidx.work:work-runtime:2.9.1] AndroidManifest.xml:24:5-79
17-->[androidx.work:work-runtime:2.9.1] AndroidManifest.xml:24:22-76
18    <uses-permission android:name="android.permission.RECEIVE_BOOT_COMPLETED" />
18-->[androidx.work:work-runtime:2.9.1] AndroidManifest.xml:25:5-81
18-->[androidx.work:work-runtime:2.9.1] AndroidManifest.xml:25:22-78
19    <uses-permission android:name="android.permission.FOREGROUND_SERVICE" />
19-->[androidx.work:work-runtime:2.9.1] AndroidManifest.xml:26:5-77
19-->[androidx.work:work-runtime:2.9.1] AndroidManifest.xml:26:22-74
20
21    <permission
21-->[androidx.core:core:1.13.1] AndroidManifest.xml:22:5-24:47
22        android:name="com.payment.app.DYNAMIC_RECEIVER_NOT_EXPORTED_PERMISSION"
22-->[androidx.core:core:1.13.1] AndroidManifest.xml:23:9-81
23        android:protectionLevel="signature" />
23-->[androidx.core:core:1.13.1] AndroidManifest.xml:24:9-44
24
25    <uses-permission android:name="com.payment.app.DYNAMIC_RECEIVER_NOT_EXPORTED_PERMISSION" />
25-->[androidx.core:core:1.13.1] AndroidManifest.xml:26:5-97
25-->[androidx.core:core:1.13.1] AndroidManifest.xml:26:22-94
26
27    <application
27-->src\main\AndroidManifest.xml:7:5-50:19
28        android:name="com.payment.app.PaymentApp"
28-->src\main\AndroidManifest.xml:8:9-35
29        android:allowBackup="true"
29-->src\main\AndroidManifest.xml:9:9-35
30        android:appComponentFactory="androidx.core.app.CoreComponentFactory"
30-->[androidx.core:core:1.13.1] AndroidManifest.xml:28:18-86
31        android:extractNativeLibs="false"
32        android:icon="@mipmap/ic_launcher"
32-->src\main\AndroidManifest.xml:10:9-43
33        android:label="@string/app_name"
33-->src\main\AndroidManifest.xml:11:9-41
34        android:roundIcon="@mipmap/ic_launcher_round"
34-->src\main\AndroidManifest.xml:12:9-54
35        android:supportsRtl="true"
35-->src\main\AndroidManifest.xml:13:9-35
36        android:theme="@style/Theme.PaymentApp" >
36-->src\main\AndroidManifest.xml:14:9-48
37        <activity
37-->src\main\AndroidManifest.xml:15:9-24:20
38            android:name="com.payment.app.MainActivity"
38-->src\main\AndroidManifest.xml:16:13-41
39            android:exported="true"
39-->src\main\AndroidManifest.xml:17:13-36
40            android:label="@string/app_name"
40-->src\main\AndroidManifest.xml:18:13-45
41            android:theme="@style/Theme.PaymentApp" >
41-->src\main\AndroidManifest.xml:19:13-52
42            <intent-filter>
42-->src\main\AndroidManifest.xml:20:13-23:29
43                <action android:name="android.intent.action.MAIN" />
43-->src\main\AndroidManifest.xml:21:17-69
43-->src\main\AndroidManifest.xml:21:25-66
44
45                <category android:name="android.intent.category.LAUNCHER" />
45-->src\main\AndroidManifest.xml:22:17-77
45-->src\main\AndroidManifest.xml:22:27-74
46            </intent-filter>
47        </activity>
48
49        <receiver
49-->src\main\AndroidManifest.xml:26:9-28:40
50            android:name="com.payment.app.notifications.MonthlyReminderReceiver"
50-->src\main\AndroidManifest.xml:27:13-66
51            android:exported="false" />
51-->src\main\AndroidManifest.xml:28:13-37
52
53        <provider
54            android:name="androidx.core.content.FileProvider"
54-->src\main\AndroidManifest.xml:31:13-62
55            android:authorities="com.payment.app.fileprovider"
55-->src\main\AndroidManifest.xml:32:13-64
56            android:exported="false"
56-->src\main\AndroidManifest.xml:33:13-37
57            android:grantUriPermissions="true" >
57-->src\main\AndroidManifest.xml:34:13-47
58            <meta-data
58-->src\main\AndroidManifest.xml:35:13-37:54
59                android:name="android.support.FILE_PROVIDER_PATHS"
59-->src\main\AndroidManifest.xml:36:17-67
60                android:resource="@xml/file_paths" />
60-->src\main\AndroidManifest.xml:37:17-51
61        </provider>
62
63        <receiver
63-->src\main\AndroidManifest.xml:40:9-49:20
64            android:name="com.payment.app.widget.PaymentSummaryWidgetReceiver"
64-->src\main\AndroidManifest.xml:41:13-64
65            android:exported="false" >
65-->src\main\AndroidManifest.xml:42:13-37
66            <intent-filter>
66-->src\main\AndroidManifest.xml:43:13-45:29
67                <action android:name="android.appwidget.action.APPWIDGET_UPDATE" />
67-->src\main\AndroidManifest.xml:44:17-84
67-->src\main\AndroidManifest.xml:44:25-81
68            </intent-filter>
69
70            <meta-data
70-->src\main\AndroidManifest.xml:46:13-48:71
71                android:name="android.appwidget.provider"
71-->src\main\AndroidManifest.xml:47:17-58
72                android:resource="@xml/payment_summary_widget_info" />
72-->src\main\AndroidManifest.xml:48:17-68
73        </receiver>
74
75        <activity
75-->[androidx.glance:glance-appwidget:1.1.1] AndroidManifest.xml:23:9-28:62
76            android:name="androidx.glance.appwidget.action.ActionTrampolineActivity"
76-->[androidx.glance:glance-appwidget:1.1.1] AndroidManifest.xml:24:13-85
77            android:enabled="true"
77-->[androidx.glance:glance-appwidget:1.1.1] AndroidManifest.xml:25:13-35
78            android:excludeFromRecents="true"
78-->[androidx.glance:glance-appwidget:1.1.1] AndroidManifest.xml:26:13-46
79            android:exported="false"
79-->[androidx.glance:glance-appwidget:1.1.1] AndroidManifest.xml:27:13-37
80            android:theme="@android:style/Theme.NoDisplay" />
80-->[androidx.glance:glance-appwidget:1.1.1] AndroidManifest.xml:28:13-59
81        <activity
81-->[androidx.glance:glance-appwidget:1.1.1] AndroidManifest.xml:29:9-36:81
82            android:name="androidx.glance.appwidget.action.InvisibleActionTrampolineActivity"
82-->[androidx.glance:glance-appwidget:1.1.1] AndroidManifest.xml:30:13-94
83            android:enabled="true"
83-->[androidx.glance:glance-appwidget:1.1.1] AndroidManifest.xml:31:13-35
84            android:exported="false"
84-->[androidx.glance:glance-appwidget:1.1.1] AndroidManifest.xml:32:13-37
85            android:launchMode="singleInstance"
85-->[androidx.glance:glance-appwidget:1.1.1] AndroidManifest.xml:33:13-48
86            android:noHistory="true"
86-->[androidx.glance:glance-appwidget:1.1.1] AndroidManifest.xml:34:13-37
87            android:taskAffinity="androidx.glance.appwidget.ListAdapterCallbackTrampoline"
87-->[androidx.glance:glance-appwidget:1.1.1] AndroidManifest.xml:35:13-91
88            android:theme="@style/Widget.Glance.AppWidget.CallbackTrampoline" />
88-->[androidx.glance:glance-appwidget:1.1.1] AndroidManifest.xml:36:13-78
89
90        <receiver
90-->[androidx.glance:glance-appwidget:1.1.1] AndroidManifest.xml:38:9-41:40
91            android:name="androidx.glance.appwidget.action.ActionCallbackBroadcastReceiver"
91-->[androidx.glance:glance-appwidget:1.1.1] AndroidManifest.xml:39:13-92
92            android:enabled="true"
92-->[androidx.glance:glance-appwidget:1.1.1] AndroidManifest.xml:40:13-35
93            android:exported="false" />
93-->[androidx.glance:glance-appwidget:1.1.1] AndroidManifest.xml:41:13-37
94        <receiver
94-->[androidx.glance:glance-appwidget:1.1.1] AndroidManifest.xml:42:9-45:40
95            android:name="androidx.glance.appwidget.UnmanagedSessionReceiver"
95-->[androidx.glance:glance-appwidget:1.1.1] AndroidManifest.xml:43:13-78
96            android:enabled="true"
96-->[androidx.glance:glance-appwidget:1.1.1] AndroidManifest.xml:44:13-35
97            android:exported="false" />
97-->[androidx.glance:glance-appwidget:1.1.1] AndroidManifest.xml:45:13-37
98        <receiver
98-->[androidx.glance:glance-appwidget:1.1.1] AndroidManifest.xml:46:9-53:20
99            android:name="androidx.glance.appwidget.MyPackageReplacedReceiver"
99-->[androidx.glance:glance-appwidget:1.1.1] AndroidManifest.xml:47:13-79
100            android:enabled="true"
100-->[androidx.glance:glance-appwidget:1.1.1] AndroidManifest.xml:48:13-35
101            android:exported="false" >
101-->[androidx.glance:glance-appwidget:1.1.1] AndroidManifest.xml:49:13-37
102            <intent-filter>
102-->[androidx.glance:glance-appwidget:1.1.1] AndroidManifest.xml:50:13-52:29
103                <action android:name="android.intent.action.MY_PACKAGE_REPLACED" />
103-->[androidx.glance:glance-appwidget:1.1.1] AndroidManifest.xml:51:17-84
103-->[androidx.glance:glance-appwidget:1.1.1] AndroidManifest.xml:51:25-81
104            </intent-filter>
105        </receiver>
106
107        <service
107-->[androidx.glance:glance-appwidget:1.1.1] AndroidManifest.xml:55:9-58:72
108            android:name="androidx.glance.appwidget.GlanceRemoteViewsService"
108-->[androidx.glance:glance-appwidget:1.1.1] AndroidManifest.xml:56:13-78
109            android:exported="true"
109-->[androidx.glance:glance-appwidget:1.1.1] AndroidManifest.xml:57:13-36
110            android:permission="android.permission.BIND_REMOTEVIEWS" />
110-->[androidx.glance:glance-appwidget:1.1.1] AndroidManifest.xml:58:13-69
111
112        <provider
112-->[androidx.work:work-runtime:2.9.1] AndroidManifest.xml:29:9-37:20
113            android:name="androidx.startup.InitializationProvider"
113-->[androidx.work:work-runtime:2.9.1] AndroidManifest.xml:30:13-67
114            android:authorities="com.payment.app.androidx-startup"
114-->[androidx.work:work-runtime:2.9.1] AndroidManifest.xml:31:13-68
115            android:exported="false" >
115-->[androidx.work:work-runtime:2.9.1] AndroidManifest.xml:32:13-37
116            <meta-data
116-->[androidx.work:work-runtime:2.9.1] AndroidManifest.xml:34:13-36:52
117                android:name="androidx.work.WorkManagerInitializer"
117-->[androidx.work:work-runtime:2.9.1] AndroidManifest.xml:35:17-68
118                android:value="androidx.startup" />
118-->[androidx.work:work-runtime:2.9.1] AndroidManifest.xml:36:17-49
119            <meta-data
119-->[androidx.emoji2:emoji2:1.3.0] AndroidManifest.xml:29:13-31:52
120                android:name="androidx.emoji2.text.EmojiCompatInitializer"
120-->[androidx.emoji2:emoji2:1.3.0] AndroidManifest.xml:30:17-75
121                android:value="androidx.startup" />
121-->[androidx.emoji2:emoji2:1.3.0] AndroidManifest.xml:31:17-49
122            <meta-data
122-->[androidx.lifecycle:lifecycle-process:2.8.6] AndroidManifest.xml:29:13-31:52
123                android:name="androidx.lifecycle.ProcessLifecycleInitializer"
123-->[androidx.lifecycle:lifecycle-process:2.8.6] AndroidManifest.xml:30:17-78
124                android:value="androidx.startup" />
124-->[androidx.lifecycle:lifecycle-process:2.8.6] AndroidManifest.xml:31:17-49
125            <meta-data
125-->[androidx.profileinstaller:profileinstaller:1.3.1] AndroidManifest.xml:29:13-31:52
126                android:name="androidx.profileinstaller.ProfileInstallerInitializer"
126-->[androidx.profileinstaller:profileinstaller:1.3.1] AndroidManifest.xml:30:17-85
127                android:value="androidx.startup" />
127-->[androidx.profileinstaller:profileinstaller:1.3.1] AndroidManifest.xml:31:17-49
128        </provider>
129
130        <service
130-->[androidx.work:work-runtime:2.9.1] AndroidManifest.xml:39:9-45:35
131            android:name="androidx.work.impl.background.systemalarm.SystemAlarmService"
131-->[androidx.work:work-runtime:2.9.1] AndroidManifest.xml:40:13-88
132            android:directBootAware="false"
132-->[androidx.work:work-runtime:2.9.1] AndroidManifest.xml:41:13-44
133            android:enabled="@bool/enable_system_alarm_service_default"
133-->[androidx.work:work-runtime:2.9.1] AndroidManifest.xml:42:13-72
134            android:exported="false" />
134-->[androidx.work:work-runtime:2.9.1] AndroidManifest.xml:43:13-37
135        <service
135-->[androidx.work:work-runtime:2.9.1] AndroidManifest.xml:46:9-52:35
136            android:name="androidx.work.impl.background.systemjob.SystemJobService"
136-->[androidx.work:work-runtime:2.9.1] AndroidManifest.xml:47:13-84
137            android:directBootAware="false"
137-->[androidx.work:work-runtime:2.9.1] AndroidManifest.xml:48:13-44
138            android:enabled="@bool/enable_system_job_service_default"
138-->[androidx.work:work-runtime:2.9.1] AndroidManifest.xml:49:13-70
139            android:exported="true"
139-->[androidx.work:work-runtime:2.9.1] AndroidManifest.xml:50:13-36
140            android:permission="android.permission.BIND_JOB_SERVICE" />
140-->[androidx.work:work-runtime:2.9.1] AndroidManifest.xml:51:13-69
141        <service
141-->[androidx.work:work-runtime:2.9.1] AndroidManifest.xml:53:9-59:35
142            android:name="androidx.work.impl.foreground.SystemForegroundService"
142-->[androidx.work:work-runtime:2.9.1] AndroidManifest.xml:54:13-81
143            android:directBootAware="false"
143-->[androidx.work:work-runtime:2.9.1] AndroidManifest.xml:55:13-44
144            android:enabled="@bool/enable_system_foreground_service_default"
144-->[androidx.work:work-runtime:2.9.1] AndroidManifest.xml:56:13-77
145            android:exported="false" />
145-->[androidx.work:work-runtime:2.9.1] AndroidManifest.xml:57:13-37
146
147        <receiver
147-->[androidx.work:work-runtime:2.9.1] AndroidManifest.xml:61:9-66:35
148            android:name="androidx.work.impl.utils.ForceStopRunnable$BroadcastReceiver"
148-->[androidx.work:work-runtime:2.9.1] AndroidManifest.xml:62:13-88
149            android:directBootAware="false"
149-->[androidx.work:work-runtime:2.9.1] AndroidManifest.xml:63:13-44
150            android:enabled="true"
150-->[androidx.work:work-runtime:2.9.1] AndroidManifest.xml:64:13-35
151            android:exported="false" />
151-->[androidx.work:work-runtime:2.9.1] AndroidManifest.xml:65:13-37
152        <receiver
152-->[androidx.work:work-runtime:2.9.1] AndroidManifest.xml:67:9-77:20
153            android:name="androidx.work.impl.background.systemalarm.ConstraintProxy$BatteryChargingProxy"
153-->[androidx.work:work-runtime:2.9.1] AndroidManifest.xml:68:13-106
154            android:directBootAware="false"
154-->[androidx.work:work-runtime:2.9.1] AndroidManifest.xml:69:13-44
155            android:enabled="false"
155-->[androidx.work:work-runtime:2.9.1] AndroidManifest.xml:70:13-36
156            android:exported="false" >
156-->[androidx.work:work-runtime:2.9.1] AndroidManifest.xml:71:13-37
157            <intent-filter>
157-->[androidx.work:work-runtime:2.9.1] AndroidManifest.xml:73:13-76:29
158                <action android:name="android.intent.action.ACTION_POWER_CONNECTED" />
158-->[androidx.work:work-runtime:2.9.1] AndroidManifest.xml:74:17-87
158-->[androidx.work:work-runtime:2.9.1] AndroidManifest.xml:74:25-84
159                <action android:name="android.intent.action.ACTION_POWER_DISCONNECTED" />
159-->[androidx.work:work-runtime:2.9.1] AndroidManifest.xml:75:17-90
159-->[androidx.work:work-runtime:2.9.1] AndroidManifest.xml:75:25-87
160            </intent-filter>
161        </receiver>
162        <receiver
162-->[androidx.work:work-runtime:2.9.1] AndroidManifest.xml:78:9-88:20
163            android:name="androidx.work.impl.background.systemalarm.ConstraintProxy$BatteryNotLowProxy"
163-->[androidx.work:work-runtime:2.9.1] AndroidManifest.xml:79:13-104
164            android:directBootAware="false"
164-->[androidx.work:work-runtime:2.9.1] AndroidManifest.xml:80:13-44
165            android:enabled="false"
165-->[androidx.work:work-runtime:2.9.1] AndroidManifest.xml:81:13-36
166            android:exported="false" >
166-->[androidx.work:work-runtime:2.9.1] AndroidManifest.xml:82:13-37
167            <intent-filter>
167-->[androidx.work:work-runtime:2.9.1] AndroidManifest.xml:84:13-87:29
168                <action android:name="android.intent.action.BATTERY_OKAY" />
168-->[androidx.work:work-runtime:2.9.1] AndroidManifest.xml:85:17-77
168-->[androidx.work:work-runtime:2.9.1] AndroidManifest.xml:85:25-74
169                <action android:name="android.intent.action.BATTERY_LOW" />
169-->[androidx.work:work-runtime:2.9.1] AndroidManifest.xml:86:17-76
169-->[androidx.work:work-runtime:2.9.1] AndroidManifest.xml:86:25-73
170            </intent-filter>
171        </receiver>
172        <receiver
172-->[androidx.work:work-runtime:2.9.1] AndroidManifest.xml:89:9-99:20
173            android:name="androidx.work.impl.background.systemalarm.ConstraintProxy$StorageNotLowProxy"
173-->[androidx.work:work-runtime:2.9.1] AndroidManifest.xml:90:13-104
174            android:directBootAware="false"
174-->[androidx.work:work-runtime:2.9.1] AndroidManifest.xml:91:13-44
175            android:enabled="false"
175-->[androidx.work:work-runtime:2.9.1] AndroidManifest.xml:92:13-36
176            android:exported="false" >
176-->[androidx.work:work-runtime:2.9.1] AndroidManifest.xml:93:13-37
177            <intent-filter>
177-->[androidx.work:work-runtime:2.9.1] AndroidManifest.xml:95:13-98:29
178                <action android:name="android.intent.action.DEVICE_STORAGE_LOW" />
178-->[androidx.work:work-runtime:2.9.1] AndroidManifest.xml:96:17-83
178-->[androidx.work:work-runtime:2.9.1] AndroidManifest.xml:96:25-80
179                <action android:name="android.intent.action.DEVICE_STORAGE_OK" />
179-->[androidx.work:work-runtime:2.9.1] AndroidManifest.xml:97:17-82
179-->[androidx.work:work-runtime:2.9.1] AndroidManifest.xml:97:25-79
180            </intent-filter>
181        </receiver>
182        <receiver
182-->[androidx.work:work-runtime:2.9.1] AndroidManifest.xml:100:9-109:20
183            android:name="androidx.work.impl.background.systemalarm.ConstraintProxy$NetworkStateProxy"
183-->[androidx.work:work-runtime:2.9.1] AndroidManifest.xml:101:13-103
184            android:directBootAware="false"
184-->[androidx.work:work-runtime:2.9.1] AndroidManifest.xml:102:13-44
185            android:enabled="false"
185-->[androidx.work:work-runtime:2.9.1] AndroidManifest.xml:103:13-36
186            android:exported="false" >
186-->[androidx.work:work-runtime:2.9.1] AndroidManifest.xml:104:13-37
187            <intent-filter>
187-->[androidx.work:work-runtime:2.9.1] AndroidManifest.xml:106:13-108:29
188                <action android:name="android.net.conn.CONNECTIVITY_CHANGE" />
188-->[androidx.work:work-runtime:2.9.1] AndroidManifest.xml:107:17-79
188-->[androidx.work:work-runtime:2.9.1] AndroidManifest.xml:107:25-76
189            </intent-filter>
190        </receiver>
191        <receiver
191-->[androidx.work:work-runtime:2.9.1] AndroidManifest.xml:110:9-121:20
192            android:name="androidx.work.impl.background.systemalarm.RescheduleReceiver"
192-->[androidx.work:work-runtime:2.9.1] AndroidManifest.xml:111:13-88
193            android:directBootAware="false"
193-->[androidx.work:work-runtime:2.9.1] AndroidManifest.xml:112:13-44
194            android:enabled="false"
194-->[androidx.work:work-runtime:2.9.1] AndroidManifest.xml:113:13-36
195            android:exported="false" >
195-->[androidx.work:work-runtime:2.9.1] AndroidManifest.xml:114:13-37
196            <intent-filter>
196-->[androidx.work:work-runtime:2.9.1] AndroidManifest.xml:116:13-120:29
197                <action android:name="android.intent.action.BOOT_COMPLETED" />
197-->[androidx.work:work-runtime:2.9.1] AndroidManifest.xml:117:17-79
197-->[androidx.work:work-runtime:2.9.1] AndroidManifest.xml:117:25-76
198                <action android:name="android.intent.action.TIME_SET" />
198-->[androidx.work:work-runtime:2.9.1] AndroidManifest.xml:118:17-73
198-->[androidx.work:work-runtime:2.9.1] AndroidManifest.xml:118:25-70
199                <action android:name="android.intent.action.TIMEZONE_CHANGED" />
199-->[androidx.work:work-runtime:2.9.1] AndroidManifest.xml:119:17-81
199-->[androidx.work:work-runtime:2.9.1] AndroidManifest.xml:119:25-78
200            </intent-filter>
201        </receiver>
202        <receiver
202-->[androidx.work:work-runtime:2.9.1] AndroidManifest.xml:122:9-131:20
203            android:name="androidx.work.impl.background.systemalarm.ConstraintProxyUpdateReceiver"
203-->[androidx.work:work-runtime:2.9.1] AndroidManifest.xml:123:13-99
204            android:directBootAware="false"
204-->[androidx.work:work-runtime:2.9.1] AndroidManifest.xml:124:13-44
205            android:enabled="@bool/enable_system_alarm_service_default"
205-->[androidx.work:work-runtime:2.9.1] AndroidManifest.xml:125:13-72
206            android:exported="false" >
206-->[androidx.work:work-runtime:2.9.1] AndroidManifest.xml:126:13-37
207            <intent-filter>
207-->[androidx.work:work-runtime:2.9.1] AndroidManifest.xml:128:13-130:29
208                <action android:name="androidx.work.impl.background.systemalarm.UpdateProxies" />
208-->[androidx.work:work-runtime:2.9.1] AndroidManifest.xml:129:17-98
208-->[androidx.work:work-runtime:2.9.1] AndroidManifest.xml:129:25-95
209            </intent-filter>
210        </receiver>
211        <receiver
211-->[androidx.work:work-runtime:2.9.1] AndroidManifest.xml:132:9-142:20
212            android:name="androidx.work.impl.diagnostics.DiagnosticsReceiver"
212-->[androidx.work:work-runtime:2.9.1] AndroidManifest.xml:133:13-78
213            android:directBootAware="false"
213-->[androidx.work:work-runtime:2.9.1] AndroidManifest.xml:134:13-44
214            android:enabled="true"
214-->[androidx.work:work-runtime:2.9.1] AndroidManifest.xml:135:13-35
215            android:exported="true"
215-->[androidx.work:work-runtime:2.9.1] AndroidManifest.xml:136:13-36
216            android:permission="android.permission.DUMP" >
216-->[androidx.work:work-runtime:2.9.1] AndroidManifest.xml:137:13-57
217            <intent-filter>
217-->[androidx.work:work-runtime:2.9.1] AndroidManifest.xml:139:13-141:29
218                <action android:name="androidx.work.diagnostics.REQUEST_DIAGNOSTICS" />
218-->[androidx.work:work-runtime:2.9.1] AndroidManifest.xml:140:17-88
218-->[androidx.work:work-runtime:2.9.1] AndroidManifest.xml:140:25-85
219            </intent-filter>
220        </receiver>
221
222        <service
222-->[androidx.core:core-remoteviews:1.1.0] AndroidManifest.xml:24:9-27:63
223            android:name="androidx.core.widget.RemoteViewsCompatService"
223-->[androidx.core:core-remoteviews:1.1.0] AndroidManifest.xml:25:13-73
224            android:permission="android.permission.BIND_REMOTEVIEWS" />
224-->[androidx.core:core-remoteviews:1.1.0] AndroidManifest.xml:26:13-69
225        <service
225-->[androidx.room:room-runtime:2.6.1] AndroidManifest.xml:24:9-28:63
226            android:name="androidx.room.MultiInstanceInvalidationService"
226-->[androidx.room:room-runtime:2.6.1] AndroidManifest.xml:25:13-74
227            android:directBootAware="true"
227-->[androidx.room:room-runtime:2.6.1] AndroidManifest.xml:26:13-43
228            android:exported="false" />
228-->[androidx.room:room-runtime:2.6.1] AndroidManifest.xml:27:13-37
229
230        <receiver
230-->[androidx.profileinstaller:profileinstaller:1.3.1] AndroidManifest.xml:34:9-52:20
231            android:name="androidx.profileinstaller.ProfileInstallReceiver"
231-->[androidx.profileinstaller:profileinstaller:1.3.1] AndroidManifest.xml:35:13-76
232            android:directBootAware="false"
232-->[androidx.profileinstaller:profileinstaller:1.3.1] AndroidManifest.xml:36:13-44
233            android:enabled="true"
233-->[androidx.profileinstaller:profileinstaller:1.3.1] AndroidManifest.xml:37:13-35
234            android:exported="true"
234-->[androidx.profileinstaller:profileinstaller:1.3.1] AndroidManifest.xml:38:13-36
235            android:permission="android.permission.DUMP" >
235-->[androidx.profileinstaller:profileinstaller:1.3.1] AndroidManifest.xml:39:13-57
236            <intent-filter>
236-->[androidx.profileinstaller:profileinstaller:1.3.1] AndroidManifest.xml:40:13-42:29
237                <action android:name="androidx.profileinstaller.action.INSTALL_PROFILE" />
237-->[androidx.profileinstaller:profileinstaller:1.3.1] AndroidManifest.xml:41:17-91
237-->[androidx.profileinstaller:profileinstaller:1.3.1] AndroidManifest.xml:41:25-88
238            </intent-filter>
239            <intent-filter>
239-->[androidx.profileinstaller:profileinstaller:1.3.1] AndroidManifest.xml:43:13-45:29
240                <action android:name="androidx.profileinstaller.action.SKIP_FILE" />
240-->[androidx.profileinstaller:profileinstaller:1.3.1] AndroidManifest.xml:44:17-85
240-->[androidx.profileinstaller:profileinstaller:1.3.1] AndroidManifest.xml:44:25-82
241            </intent-filter>
242            <intent-filter>
242-->[androidx.profileinstaller:profileinstaller:1.3.1] AndroidManifest.xml:46:13-48:29
243                <action android:name="androidx.profileinstaller.action.SAVE_PROFILE" />
243-->[androidx.profileinstaller:profileinstaller:1.3.1] AndroidManifest.xml:47:17-88
243-->[androidx.profileinstaller:profileinstaller:1.3.1] AndroidManifest.xml:47:25-85
244            </intent-filter>
245            <intent-filter>
245-->[androidx.profileinstaller:profileinstaller:1.3.1] AndroidManifest.xml:49:13-51:29
246                <action android:name="androidx.profileinstaller.action.BENCHMARK_OPERATION" />
246-->[androidx.profileinstaller:profileinstaller:1.3.1] AndroidManifest.xml:50:17-95
246-->[androidx.profileinstaller:profileinstaller:1.3.1] AndroidManifest.xml:50:25-92
247            </intent-filter>
248        </receiver>
249    </application>
250
251</manifest>